
================================================================================

🚀 РОЗПОЧАТО АНАЛІЗ ДАНИХ типу Character 🚀
Пошуковий символ: 2024-03-07T10:55:43

================================================================================

🎯 КОМПЛЕКСНИЙ АНАЛІЗ ВСІХ СТРУКТУР ДАНИХ
============================================================
📋 ОБРОБКА ДАНИХ З ВИКОРИСТАННЯМ LIST (Vector<Character>)
--------------------------------------------------

✅ BasicDataOperationUsingList ініціалізований
   Розмір Vector: 176
   Розмір масиву: 176
   Символ для пошуку: '2'

┌─────────────────────────────────────────────┐
│    ОПЕРАЦІЇ З VECTOR<CHARACTER>             │
└─────────────────────────────────────────────┘

🔎 ЕТАП 1: ПОШУК І ПОШУК МІН/МАКС (до сортування)

========= Тривалість операції 'пошук символа в Vector': 9020854 нс =========
Символ '2' відсутній в Vector.

========= Тривалість операції 'визначення мiнiмального i максимального символу в Vector': 2065735 нс =========
Найменший символ в Vector: !
Найбільший символ в Vector: ю

📊 ЕТАП 2: СОРТУВАННЯ VECTOR

========= Тривалість операції 'упорядкування Vector символiв': 4269002 нс =========

🔎 ЕТАП 3: ПОШУК І ПОШУК МІН/МАКС (після сортування Vector)

========= Тривалість операції 'пошук символа в Vector': 382764 нс =========
Символ '2' відсутній в Vector.

========= Тривалість операції 'визначення мiнiмального i максимального символу в Vector': 361065 нс =========
Найменший символ в Vector: !
Найбільший символ в Vector: ю

┌─────────────────────────────────────────────┐
│    ОПЕРАЦІЇ З МАСИВОМ CHARACTER[]           │
└─────────────────────────────────────────────┘

🔎 ЕТАП 1: ПОШУК І ПОШУК МІН/МАКС (до сортування)

========= Тривалість операції 'пошук символа в масивi': 1396536 нс =========
Символ '2' відсутній в масиві.

========= Тривалість операції 'визначення мiнiмального i максимального символу в масивi': 2304738 нс =========
Найменший символ в масивi: !
Найбільший символ в масивi: ю

📊 ЕТАП 2: СОРТУВАННЯ МАСИВУ

========= Тривалість операції 'упорядкування масиву символів': 706826 нс =========

🔎 ЕТАП 3: ПОШУК І ПОШУК МІН/МАКС (після сортування)

========= Тривалість операції 'пошук символа в масивi': 859325 нс =========
Символ '2' відсутній в масиві.

========= Тривалість операції 'визначення мiнiмального i максимального символу в масивi': 64724 нс =========
Найменший символ в масивi: !
Найбільший символ в масивi: ю

💾 ЕТАП 4: ЗБЕРЕЖЕННЯ ВІДСОРТОВАНОГО МАСИВУ
✅ Масив успішно збережено в файл

~~~~~~~~~~~~~~~~~~~~~~~~~~~~~~~~~~~~~~~~~~~~~~~~~~~~~~~~~~~~

🔄 ОБРОБКА ДАНИХ З ВИКОРИСТАННЯМ QUEUE (PriorityQueue<Character>)
--------------------------------------------------

✅ BasicDataOperationUsingQueue ініціалізована
   Розмір PriorityQueue: 176
   Розмір масиву: 176
   Символ для пошуку: '2'

┌─────────────────────────────────────────────┐
│    ОПЕРАЦІЇ З PRIORITYQUEUE<CHARACTER>       │
└─────────────────────────────────────────────┘

🔎 ЕТАП 1: ПОШУК І ПОШУК МІН/МАКС (до операцій з чергою)

========= Тривалість операції 'пошук символа в PriorityQueue': 1682532 нс =========
Символ '2' відсутній в PriorityQueue

========= Тривалість операції 'визначення мiнiмального i максимального символу в PriorityQueue': 849876 нс =========
Найменший символ в PriorityQueue: !
Найбільший символ в PriorityQueue: ю

📋 ЕТАП 2: БАЗОВІ ОПЕРАЦІЇ З PRIORITYQUEUE (peek, poll)
Розмір PriorityQueue перед операціями: 176

========= Тривалість операції 'операція peek() на PriorityQueue': 8810 нс =========
→ Перший елемент (peek): '!'

========= Тривалість операції 'операція poll() на PriorityQueue': 11719 нс =========
→ Видалений елемент (poll): '!'
   Розмір після poll(): 175
→ Новий перший елемент: '!'

┌─────────────────────────────────────────────┐
│    ОПЕРАЦІЇ З МАСИВОМ CHARACTER[]           │
└─────────────────────────────────────────────┘

🔎 ЕТАП 1: ПОШУК І ПОШУК МІН/МАКС (до сортування)

========= Тривалість операції 'пошук символа в масивi': 4951568 нс =========
Символ '2' відсутній в масиві.

========= Тривалість операції 'визначення мiнiмального i максимального символу в масивi': 2250647 нс =========
Найменший символ в масивi: !
Найбільший символ в масивi: ю

📊 ЕТАП 2: СОРТУВАННЯ МАСИВУ

========= Тривалість операції 'упорядкування масиву символів': 2089568 нс =========

🔎 ЕТАП 3: ПОШУК І ПОШУК МІН/МАКС (після сортування)

========= Тривалість операції 'пошук символа в масивi': 1134564 нс =========
Символ '2' відсутній в масиві.

========= Тривалість операції 'визначення мiнiмального i максимального символу в масивi': 422751 нс =========
Найменший символ в масивi: !
Найбільший символ в масивi: ю

💾 ЕТАП 4: ЗБЕРЕЖЕННЯ ВІДСОРТОВАНОГО МАСИВУ
✅ Масив успішно збережено в файл

~~~~~~~~~~~~~~~~~~~~~~~~~~~~~~~~~~~~~~~~~~~~~~~~~~~~~~~~~~~~

🔍 ОБРОБКА ДАНИХ З ВИКОРИСТАННЯМ SET (TreeSet<Character>)
--------------------------------------------------

========= Тривалість операції 'пошук символа в TreeSet': 970825 нс =========
Символ '2' відсутній в TreeSet.

========= Тривалість операції 'визначення мiнiмального i максимального символу в TreeSet': 693579 нс =========
Найменший символ в TreeSet: !
Найбільший символ в TreeSet: ю
Кiлькiсть елементiв в масивi: 176
Кiлькiсть елементiв в TreeSet: 100
Всi елементи масиву наявні в TreeSet.

========= Тривалість операції 'пошук символа в масивi': 4470382 нс =========
Символ '2' відсутній в масиві.

========= Тривалість операції 'визначення мiнiмального i максимального символу в масивi': 533927 нс =========
Найменший символ в масивi: !
Найбільший символ в масивi: ю

========= Тривалість операції 'упорядкування масиву символів': 424629 нс =========

========= Тривалість операції 'пошук символа в масивi': 1829523 нс =========
Символ '2' відсутній в масиві.

========= Тривалість операції 'визначення мiнiмального i максимального символу в масивi': 75805 нс =========
Найменший символ в масивi: !
Найбільший символ в масивi: ю

================================================================================

✅ АНАЛІЗ ЗАВЕРШЕНО ✅

================================================================================

