
================================================================================

🚀 РОЗПОЧАТО АНАЛІЗ ДАНИХ типу Character 🚀
Пошуковий символ: 2024-03-07T10:55:43

================================================================================

🎯 КОМПЛЕКСНИЙ АНАЛІЗ ВСІХ СТРУКТУР ДАНИХ
============================================================
📋 ОБРОБКА ДАНИХ З ВИКОРИСТАННЯМ LIST (Vector<Character>)
--------------------------------------------------

✅ BasicDataOperationUsingList ініціалізований
   Розмір Vector: 176
   Розмір масиву: 176
   Символ для пошуку: '2'

┌─────────────────────────────────────────────┐
│    ОПЕРАЦІЇ З VECTOR<CHARACTER>             │
└─────────────────────────────────────────────┘

🔎 ЕТАП 1: ПОШУК І ПОШУК МІН/МАКС (до сортування)

========= Тривалість операції 'пошук символа в Vector': 15014019 нс =========
Символ '2' відсутній в Vector.

========= Тривалість операції 'визначення мiнiмального i максимального символу в Vector': 2435100 нс =========
Найменший символ в Vector: !
Найбільший символ в Vector: ю

📊 ЕТАП 2: СОРТУВАННЯ VECTOR

========= Тривалість операції 'упорядкування Vector символiв': 3950318 нс =========

🔎 ЕТАП 3: ПОШУК І ПОШУК МІН/МАКС (після сортування Vector)

========= Тривалість операції 'пошук символа в Vector': 998774 нс =========
Символ '2' відсутній в Vector.

========= Тривалість операції 'визначення мiнiмального i максимального символу в Vector': 152740 нс =========
Найменший символ в Vector: !
Найбільший символ в Vector: ю

┌─────────────────────────────────────────────┐
│    ОПЕРАЦІЇ З МАСИВОМ CHARACTER[]           │
└─────────────────────────────────────────────┘

🔎 ЕТАП 1: ПОШУК І ПОШУК МІН/МАКС (до сортування)

========= Тривалість операції 'пошук символа в масивi': 1592459 нс =========
Символ '2' відсутній в масиві.

========= Тривалість операції 'визначення мiнiмального i максимального символу в масивi': 649332 нс =========
Найменший символ в масивi: !
Найбільший символ в масивi: ю

📊 ЕТАП 2: СОРТУВАННЯ МАСИВУ

========= Тривалість операції 'упорядкування масиву символів': 778009 нс =========

🔎 ЕТАП 3: ПОШУК І ПОШУК МІН/МАКС (після сортування)

========= Тривалість операції 'пошук символа в масивi': 359924 нс =========
Символ '2' відсутній в масиві.

========= Тривалість операції 'визначення мiнiмального i максимального символу в масивi': 83721 нс =========
Найменший символ в масивi: !
Найбільший символ в масивi: ю

💾 ЕТАП 4: ЗБЕРЕЖЕННЯ ВІДСОРТОВАНОГО МАСИВУ
✅ Масив успішно збережено в файл

~~~~~~~~~~~~~~~~~~~~~~~~~~~~~~~~~~~~~~~~~~~~~~~~~~~~~~~~~~~~

🔄 ОБРОБКА ДАНИХ З ВИКОРИСТАННЯМ QUEUE (PriorityQueue<Character>)
--------------------------------------------------

✅ BasicDataOperationUsingQueue ініціалізована
   Розмір PriorityQueue: 176
   Розмір масиву: 176
   Символ для пошуку: '2'

┌─────────────────────────────────────────────┐
│    ОПЕРАЦІЇ З PRIORITYQUEUE<CHARACTER>       │
└─────────────────────────────────────────────┘

🔎 ЕТАП 1: ПОШУК І ПОШУК МІН/МАКС (до операцій з чергою)

========= Тривалість операції 'пошук символа в PriorityQueue': 19958 нс =========
Символ '2' відсутній в PriorityQueue

========= Тривалість операції 'визначення мiнiмального i максимального символу в PriorityQueue': 1835564 нс =========
Найменший символ в PriorityQueue: !
Найбільший символ в PriorityQueue: ю

📋 ЕТАП 2: БАЗОВІ ОПЕРАЦІЇ З PRIORITYQUEUE (peek, poll)
Розмір PriorityQueue перед операціями: 176

========= Тривалість операції 'операція peek() на PriorityQueue': 9269 нс =========
→ Перший елемент (peek): '!'

========= Тривалість операції 'операція poll() на PriorityQueue': 368985 нс =========
→ Видалений елемент (poll): '!'
   Розмір після poll(): 175
→ Новий перший елемент: '!'

┌─────────────────────────────────────────────┐
│    ОПЕРАЦІЇ З МАСИВОМ CHARACTER[]           │
└─────────────────────────────────────────────┘

🔎 ЕТАП 1: ПОШУК І ПОШУК МІН/МАКС (до сортування)

========= Тривалість операції 'пошук символа в масивi': 14157 нс =========
Символ '2' відсутній в масиві.

========= Тривалість операції 'визначення мiнiмального i максимального символу в масивi': 23551 нс =========
Найменший символ в масивi: !
Найбільший символ в масивi: ю

📊 ЕТАП 2: СОРТУВАННЯ МАСИВУ

========= Тривалість операції 'упорядкування масиву символів': 339028 нс =========

🔎 ЕТАП 3: ПОШУК І ПОШУК МІН/МАКС (після сортування)

========= Тривалість операції 'пошук символа в масивi': 2738 нс =========
Символ '2' відсутній в масиві.

========= Тривалість операції 'визначення мiнiмального i максимального символу в масивi': 22084 нс =========
Найменший символ в масивi: !
Найбільший символ в масивi: ю

💾 ЕТАП 4: ЗБЕРЕЖЕННЯ ВІДСОРТОВАНОГО МАСИВУ
✅ Масив успішно збережено в файл

~~~~~~~~~~~~~~~~~~~~~~~~~~~~~~~~~~~~~~~~~~~~~~~~~~~~~~~~~~~~

🔍 ОБРОБКА ДАНИХ З ВИКОРИСТАННЯМ SET (TreeSet<Character>)
--------------------------------------------------

========= Тривалість операції 'пошук символа в TreeSet': 14983 нс =========
Символ '2' відсутній в TreeSet.

========= Тривалість операції 'визначення мiнiмального i максимального символу в TreeSet': 447079 нс =========
Найменший символ в TreeSet: !
Найбільший символ в TreeSet: ю
Кiлькiсть елементiв в масивi: 176
Кiлькiсть елементiв в TreeSet: 100
Всi елементи масиву наявні в TreeSet.

========= Тривалість операції 'пошук символа в масивi': 8277 нс =========
Символ '2' відсутній в масиві.

========= Тривалість операції 'визначення мiнiмального i максимального символу в масивi': 25282 нс =========
Найменший символ в масивi: !
Найбільший символ в масивi: ю

========= Тривалість операції 'упорядкування масиву символів': 43505 нс =========

========= Тривалість операції 'пошук символа в масивi': 2413 нс =========
Символ '2' відсутній в масиві.

========= Тривалість операції 'визначення мiнiмального i максимального символу в масивi': 22264 нс =========
Найменший символ в масивi: !
Найбільший символ в масивi: ю

================================================================================

✅ АНАЛІЗ ЗАВЕРШЕНО ✅

================================================================================

